<?xml version="1.0" encoding="UTF-8"?>
<!-- Generated by org.testng.reporters.JUnitXMLReporter -->
<testsuite ignored="0" hostname="DESKTOP-QVJEVT1" failures="1" tests="3" name="Error Validations Test" time="21.62" errors="0" timestamp="2024-08-04T20:38:20 IST">
  <testcase classname="miniproject.Tests.ErrorValidationsTest" name="LoginErrorValidation" time="0.846">
    <skipped/>
  </testcase> <!-- LoginErrorValidation -->
  <testcase classname="miniproject.Tests.ErrorValidationsTest" name="LoginErrorValidation" time="0.893">
    <failure type="java.lang.AssertionError" message="expected [Incorrect email or password.] but found [Incorrect email  password.]">
      <![CDATA[java.lang.AssertionError: expected [Incorrect email or password.] but found [Incorrect email  password.]
at miniproject.Tests.ErrorValidationsTest.LoginErrorValidation(ErrorValidationsTest.java:24)
at java.base/java.util.ArrayList.forEach(ArrayList.java:1511)
at java.base/java.util.concurrent.FutureTask.run(FutureTask.java:264)
at java.base/java.util.concurrent.ThreadPoolExecutor.runWorker(ThreadPoolExecutor.java:1136)
at java.base/java.util.concurrent.ThreadPoolExecutor$Worker.run(ThreadPoolExecutor.java:635)
at java.base/java.lang.Thread.run(Thread.java:842)
... Removed 23 stack frames]]>
    </failure>
  </testcase> <!-- LoginErrorValidation -->
  <testcase classname="miniproject.Tests.ErrorValidationsTest" name="ProductErrorValidation" time="2.828"/>
</testsuite> <!-- Error Validations Test -->
